
baudm:59 baude:10 rate:38452
UART channel:1
 baudrate   :38400
 actual     :38452
 error%     :0.135417
 alternate f:1
ports:60
C:/DOCUME~1/mash/LOCALS~1/Temp/qt_temp.Uh3932
0
0

RAM Memory
-------------------------------------------------
Core RAM end                    @ 0x00cc5    3269
Top of RAM                      @ 0x01f00    7936
RAM left for data               = 0x0123b    4667
Attribute RAM                   - 0x001fe     510
Connections                   1 - 0x00194     404
RAM for packet buffers       96 - 0x00ea0    3744

Flash Memory
-------------------------------------------------
Core flash reserved             @ 0x18000   98304
Top of flash                    @ 0x1f800  129024
Flash left for data             = 0x07800   30720
Common configuration            - 0x00070     112
16 bit UUIDs                    - 0x00016      22
128 bit UUIDs                   - 0x00030      48
Attribute database              - 0x00084     132
Constant attributes data        - 0x0029d     669
USB descriptor                  - 0x000c6     198
Flash for PS Store           14 - 0x07000   28672
